ERROR  my_logger : return_all
 INFO  my_logger : just some friendly advice method here
ERROR  my_logger : abc
ERROR  my_logger : <ArgumentError> wrong number of arguments (1 for 2)
	/home/leonardo/Documentos/projects/personal/Cerebrum/actions/sentence_save/sentence_save.rb:24:in `saveOne'
	/home/leonardo/Documentos/projects/personal/Cerebrum/actions/sentence_save/sentence_save.rb:10:in `interpreter'
	synapsis.rb:74:in `cerebellum'
	synapsis.rb:67:in `temporalLobe'
	synapsis.rb:30:in `block (2 levels) in somatosensation'
	/home/leonardo/.rvm/gems/ruby-2.2.1/gems/logging-2.0.0/lib/logging/diagnostic_context.rb:448:in `call'
	/home/leonardo/.rvm/gems/ruby-2.2.1/gems/logging-2.0.0/lib/logging/diagnostic_context.rb:448:in `block in create_with_logging_context'
ERROR  my_logger : <NameError> undefined local variable or method `e' for #<SelfInformation:0x00000003773398>
	/home/leonardo/Documentos/projects/personal/Cerebrum/actions/self_information/self_information.rb:33:in `return_all'
	/home/leonardo/Documentos/projects/personal/Cerebrum/actions/self_information/self_information.rb:26:in `interpreter'
	synapsis.rb:74:in `cerebellum'
	synapsis.rb:67:in `temporalLobe'
	synapsis.rb:30:in `block (2 levels) in somatosensation'
	/home/leonardo/.rvm/gems/ruby-2.2.1/gems/logging-2.0.0/lib/logging/diagnostic_context.rb:448:in `call'
	/home/leonardo/.rvm/gems/ruby-2.2.1/gems/logging-2.0.0/lib/logging/diagnostic_context.rb:448:in `block in create_with_logging_context'
ERROR  my_logger : <ArgumentError> wrong number of arguments (1 for 2)
	/home/leonardo/Documentos/projects/personal/Cerebrum/actions/sentence_save/sentence_save.rb:24:in `saveOne'
	/home/leonardo/Documentos/projects/personal/Cerebrum/actions/sentence_save/sentence_save.rb:10:in `interpreter'
	synapsis.rb:74:in `cerebellum'
	synapsis.rb:67:in `temporalLobe'
	synapsis.rb:30:in `block (2 levels) in somatosensation'
	/home/leonardo/.rvm/gems/ruby-2.2.1/gems/logging-2.0.0/lib/logging/diagnostic_context.rb:448:in `call'
	/home/leonardo/.rvm/gems/ruby-2.2.1/gems/logging-2.0.0/lib/logging/diagnostic_context.rb:448:in `block in create_with_logging_context'
ERROR  my_logger : <NameError> undefined local variable or method `e' for #<SelfInformation:0x00000003172f20>
	/home/leonardo/Documentos/projects/personal/Cerebrum/actions/self_information/self_information.rb:33:in `return_all'
	/home/leonardo/Documentos/projects/personal/Cerebrum/actions/self_information/self_information.rb:26:in `interpreter'
	synapsis.rb:74:in `cerebellum'
	synapsis.rb:67:in `temporalLobe'
	synapsis.rb:30:in `block (2 levels) in somatosensation'
	/home/leonardo/.rvm/gems/ruby-2.2.1/gems/logging-2.0.0/lib/logging/diagnostic_context.rb:448:in `call'
	/home/leonardo/.rvm/gems/ruby-2.2.1/gems/logging-2.0.0/lib/logging/diagnostic_context.rb:448:in `block in create_with_logging_context'
ERROR  my_logger : <ArgumentError> wrong number of arguments (1 for 2)
	/home/leonardo/Documentos/projects/personal/Cerebrum/actions/sentence_save/sentence_save.rb:24:in `saveOne'
	/home/leonardo/Documentos/projects/personal/Cerebrum/actions/sentence_save/sentence_save.rb:10:in `interpreter'
	synapsis.rb:74:in `cerebellum'
	synapsis.rb:67:in `temporalLobe'
	synapsis.rb:30:in `block (2 levels) in somatosensation'
	/home/leonardo/.rvm/gems/ruby-2.2.1/gems/logging-2.0.0/lib/logging/diagnostic_context.rb:448:in `call'
	/home/leonardo/.rvm/gems/ruby-2.2.1/gems/logging-2.0.0/lib/logging/diagnostic_context.rb:448:in `block in create_with_logging_context'
ERROR  my_logger : <NameError> undefined local variable or method `e' for #<SelfInformation:0x00000003656c30>
	/home/leonardo/Documentos/projects/personal/Cerebrum/actions/self_information/self_information.rb:33:in `return_all'
	/home/leonardo/Documentos/projects/personal/Cerebrum/actions/self_information/self_information.rb:26:in `interpreter'
	synapsis.rb:74:in `cerebellum'
	synapsis.rb:67:in `temporalLobe'
	synapsis.rb:30:in `block (2 levels) in somatosensation'
	/home/leonardo/.rvm/gems/ruby-2.2.1/gems/logging-2.0.0/lib/logging/diagnostic_context.rb:448:in `call'
	/home/leonardo/.rvm/gems/ruby-2.2.1/gems/logging-2.0.0/lib/logging/diagnostic_context.rb:448:in `block in create_with_logging_context'
ERROR  my_logger : <ArgumentError> wrong number of arguments (1 for 2)
	/home/leonardo/Documentos/projects/personal/Cerebrum/actions/sentence_save/sentence_save.rb:24:in `saveOne'
	/home/leonardo/Documentos/projects/personal/Cerebrum/actions/sentence_save/sentence_save.rb:10:in `interpreter'
	synapsis.rb:74:in `cerebellum'
	synapsis.rb:67:in `temporalLobe'
	synapsis.rb:30:in `block (2 levels) in somatosensation'
	/home/leonardo/.rvm/gems/ruby-2.2.1/gems/logging-2.0.0/lib/logging/diagnostic_context.rb:448:in `call'
	/home/leonardo/.rvm/gems/ruby-2.2.1/gems/logging-2.0.0/lib/logging/diagnostic_context.rb:448:in `block in create_with_logging_context'
ERROR  my_logger : <NameError> undefined local variable or method `e' for #<SelfInformation:0x00000002b194d0>
	/home/leonardo/Documentos/projects/personal/Cerebrum/actions/self_information/self_information.rb:33:in `return_all'
	/home/leonardo/Documentos/projects/personal/Cerebrum/actions/self_information/self_information.rb:26:in `interpreter'
	synapsis.rb:74:in `cerebellum'
	synapsis.rb:67:in `temporalLobe'
	synapsis.rb:30:in `block (2 levels) in somatosensation'
	/home/leonardo/.rvm/gems/ruby-2.2.1/gems/logging-2.0.0/lib/logging/diagnostic_context.rb:448:in `call'
	/home/leonardo/.rvm/gems/ruby-2.2.1/gems/logging-2.0.0/lib/logging/diagnostic_context.rb:448:in `block in create_with_logging_context'
ERROR  my_logger : abc
ERROR  my_logger : abc
ERROR  my_logger : <ArgumentError> wrong number of arguments (1 for 2)
	/home/leonardo/Documentos/projects/personal/Cerebrum/actions/sentence_save/sentence_save.rb:24:in `saveOne'
	/home/leonardo/Documentos/projects/personal/Cerebrum/actions/sentence_save/sentence_save.rb:10:in `interpreter'
	synapsis.rb:74:in `cerebellum'
	synapsis.rb:67:in `temporalLobe'
	synapsis.rb:30:in `block (2 levels) in somatosensation'
	/home/leonardo/.rvm/gems/ruby-2.2.1/gems/logging-2.0.0/lib/logging/diagnostic_context.rb:448:in `call'
	/home/leonardo/.rvm/gems/ruby-2.2.1/gems/logging-2.0.0/lib/logging/diagnostic_context.rb:448:in `block in create_with_logging_context'
ERROR  my_logger : aqui
ERROR  my_logger : <ArgumentError> wrong number of arguments (1 for 2)
	/home/leonardo/Documentos/projects/personal/Cerebrum/actions/sentence_save/sentence_save.rb:24:in `saveOne'
	/home/leonardo/Documentos/projects/personal/Cerebrum/actions/sentence_save/sentence_save.rb:10:in `interpreter'
	synapsis.rb:74:in `cerebellum'
	synapsis.rb:67:in `temporalLobe'
	synapsis.rb:30:in `block (2 levels) in somatosensation'
	/home/leonardo/.rvm/gems/ruby-2.2.1/gems/logging-2.0.0/lib/logging/diagnostic_context.rb:448:in `call'
	/home/leonardo/.rvm/gems/ruby-2.2.1/gems/logging-2.0.0/lib/logging/diagnostic_context.rb:448:in `block in create_with_logging_context'
ERROR  my_logger : <NoMethodError> undefined method `interpreter' for nil:NilClass
	synapsis.rb:74:in `cerebellum'
	synapsis.rb:67:in `temporalLobe'
	synapsis.rb:30:in `block (2 levels) in somatosensation'
	/home/leonardo/.rvm/gems/ruby-2.2.1/gems/logging-2.0.0/lib/logging/diagnostic_context.rb:448:in `call'
	/home/leonardo/.rvm/gems/ruby-2.2.1/gems/logging-2.0.0/lib/logging/diagnostic_context.rb:448:in `block in create_with_logging_context'
ERROR  my_logger : <NoMethodError> undefined method `interpreter' for nil:NilClass
	synapsis.rb:74:in `cerebellum'
	synapsis.rb:67:in `temporalLobe'
	synapsis.rb:30:in `block (2 levels) in somatosensation'
	/home/leonardo/.rvm/gems/ruby-2.2.1/gems/logging-2.0.0/lib/logging/diagnostic_context.rb:448:in `call'
	/home/leonardo/.rvm/gems/ruby-2.2.1/gems/logging-2.0.0/lib/logging/diagnostic_context.rb:448:in `block in create_with_logging_context'
ERROR  my_logger : <ArgumentError> wrong number of arguments (1 for 2)
	/home/leonardo/Documentos/projects/personal/Cerebrum/actions/extensions/sentence_save/sentence_save.rb:24:in `saveOne'
	/home/leonardo/Documentos/projects/personal/Cerebrum/actions/extensions/sentence_save/sentence_save.rb:10:in `interpreter'
	synapsis.rb:74:in `cerebellum'
	synapsis.rb:67:in `temporalLobe'
	synapsis.rb:30:in `block (2 levels) in somatosensation'
	/home/leonardo/.rvm/gems/ruby-2.2.1/gems/logging-2.0.0/lib/logging/diagnostic_context.rb:448:in `call'
	/home/leonardo/.rvm/gems/ruby-2.2.1/gems/logging-2.0.0/lib/logging/diagnostic_context.rb:448:in `block in create_with_logging_context'
ERROR  my_logger : <ArgumentError> wrong number of arguments (1 for 2)
	/home/leonardo/Documentos/projects/personal/Cerebrum/actions/extensions/sentence_save/sentence_save.rb:24:in `saveOne'
	/home/leonardo/Documentos/projects/personal/Cerebrum/actions/extensions/sentence_save/sentence_save.rb:10:in `interpreter'
	synapsis.rb:80:in `cerebellum'
	synapsis.rb:73:in `temporalLobe'
	synapsis.rb:36:in `block (2 levels) in somatosensation'
	/home/leonardo/.rvm/gems/ruby-2.2.1/gems/logging-2.0.0/lib/logging/diagnostic_context.rb:448:in `call'
	/home/leonardo/.rvm/gems/ruby-2.2.1/gems/logging-2.0.0/lib/logging/diagnostic_context.rb:448:in `block in create_with_logging_context'
ERROR  my_logger : <ArgumentError> wrong number of arguments (1 for 2)
	/home/leonardo/Documentos/projects/personal/Cerebrum/actions/extensions/sentence_save/sentence_save.rb:24:in `saveOne'
	/home/leonardo/Documentos/projects/personal/Cerebrum/actions/extensions/sentence_save/sentence_save.rb:10:in `interpreter'
	synapsis.rb:80:in `cerebellum'
	synapsis.rb:73:in `temporalLobe'
	synapsis.rb:36:in `block (2 levels) in somatosensation'
	/home/leonardo/.rvm/gems/ruby-2.2.1/gems/logging-2.0.0/lib/logging/diagnostic_context.rb:448:in `call'
	/home/leonardo/.rvm/gems/ruby-2.2.1/gems/logging-2.0.0/lib/logging/diagnostic_context.rb:448:in `block in create_with_logging_context'
ERROR  my_logger : <NameError> uninitialized constant Synapsis::ActionModel
	synapsis.rb:77:in `cerebellum'
	synapsis.rb:70:in `temporalLobe'
	synapsis.rb:33:in `block (2 levels) in somatosensation'
	/home/leonardo/.rvm/gems/ruby-2.2.1/gems/logging-2.0.0/lib/logging/diagnostic_context.rb:448:in `call'
	/home/leonardo/.rvm/gems/ruby-2.2.1/gems/logging-2.0.0/lib/logging/diagnostic_context.rb:448:in `block in create_with_logging_context'
ERROR  my_logger : <NameError> uninitialized constant Synapsis::ActionModel
	synapsis.rb:77:in `cerebellum'
	synapsis.rb:70:in `temporalLobe'
	synapsis.rb:33:in `block (2 levels) in somatosensation'
	/home/leonardo/.rvm/gems/ruby-2.2.1/gems/logging-2.0.0/lib/logging/diagnostic_context.rb:448:in `call'
	/home/leonardo/.rvm/gems/ruby-2.2.1/gems/logging-2.0.0/lib/logging/diagnostic_context.rb:448:in `block in create_with_logging_context'
ERROR  my_logger : <NameError> uninitialized constant Synapsis::ActionModel
	synapsis.rb:78:in `cerebellum'
	synapsis.rb:70:in `temporalLobe'
	synapsis.rb:33:in `block (2 levels) in somatosensation'
	/home/leonardo/.rvm/gems/ruby-2.2.1/gems/logging-2.0.0/lib/logging/diagnostic_context.rb:448:in `call'
	/home/leonardo/.rvm/gems/ruby-2.2.1/gems/logging-2.0.0/lib/logging/diagnostic_context.rb:448:in `block in create_with_logging_context'
ERROR  my_logger : <NameError> uninitialized constant Synapsis::ActionModel
	synapsis.rb:78:in `cerebellum'
	synapsis.rb:70:in `temporalLobe'
	synapsis.rb:33:in `block (2 levels) in somatosensation'
	/home/leonardo/.rvm/gems/ruby-2.2.1/gems/logging-2.0.0/lib/logging/diagnostic_context.rb:448:in `call'
	/home/leonardo/.rvm/gems/ruby-2.2.1/gems/logging-2.0.0/lib/logging/diagnostic_context.rb:448:in `block in create_with_logging_context'
ERROR  my_logger : <ArgumentError> wrong number of arguments (0 for 1)
	/home/leonardo/Documentos/projects/personal/Cerebrum/base_model.rb:16:in `get'
	synapsis.rb:77:in `cerebellum'
	synapsis.rb:70:in `temporalLobe'
	synapsis.rb:33:in `block (2 levels) in somatosensation'
	/home/leonardo/.rvm/gems/ruby-2.2.1/gems/logging-2.0.0/lib/logging/diagnostic_context.rb:448:in `call'
	/home/leonardo/.rvm/gems/ruby-2.2.1/gems/logging-2.0.0/lib/logging/diagnostic_context.rb:448:in `block in create_with_logging_context'
ERROR  my_logger : <ArgumentError> wrong number of arguments (0 for 1)
	/home/leonardo/Documentos/projects/personal/Cerebrum/base_model.rb:16:in `get'
	synapsis.rb:77:in `cerebellum'
	synapsis.rb:70:in `temporalLobe'
	synapsis.rb:33:in `block (2 levels) in somatosensation'
	/home/leonardo/.rvm/gems/ruby-2.2.1/gems/logging-2.0.0/lib/logging/diagnostic_context.rb:448:in `call'
	/home/leonardo/.rvm/gems/ruby-2.2.1/gems/logging-2.0.0/lib/logging/diagnostic_context.rb:448:in `block in create_with_logging_context'
ERROR  my_logger : <ArgumentError> wrong number of arguments (0 for 1)
	/home/leonardo/Documentos/projects/personal/Cerebrum/base_model.rb:16:in `get'
	synapsis.rb:77:in `cerebellum'
	synapsis.rb:70:in `temporalLobe'
	synapsis.rb:33:in `block (2 levels) in somatosensation'
	/home/leonardo/.rvm/gems/ruby-2.2.1/gems/logging-2.0.0/lib/logging/diagnostic_context.rb:448:in `call'
	/home/leonardo/.rvm/gems/ruby-2.2.1/gems/logging-2.0.0/lib/logging/diagnostic_context.rb:448:in `block in create_with_logging_context'
ERROR  my_logger : <ArgumentError> wrong number of arguments (0 for 1)
	/home/leonardo/Documentos/projects/personal/Cerebrum/base_model.rb:16:in `get'
	synapsis.rb:77:in `cerebellum'
	synapsis.rb:70:in `temporalLobe'
	synapsis.rb:33:in `block (2 levels) in somatosensation'
	/home/leonardo/.rvm/gems/ruby-2.2.1/gems/logging-2.0.0/lib/logging/diagnostic_context.rb:448:in `call'
	/home/leonardo/.rvm/gems/ruby-2.2.1/gems/logging-2.0.0/lib/logging/diagnostic_context.rb:448:in `block in create_with_logging_context'
ERROR  my_logger : <NoMethodError> undefined method `interpreter' for nil:NilClass
	synapsis.rb:78:in `cerebellum'
	synapsis.rb:70:in `temporalLobe'
	synapsis.rb:33:in `block (2 levels) in somatosensation'
	/home/leonardo/.rvm/gems/ruby-2.2.1/gems/logging-2.0.0/lib/logging/diagnostic_context.rb:448:in `call'
	/home/leonardo/.rvm/gems/ruby-2.2.1/gems/logging-2.0.0/lib/logging/diagnostic_context.rb:448:in `block in create_with_logging_context'
ERROR  my_logger : <NoMethodError> undefined method `interpreter' for nil:NilClass
	synapsis.rb:78:in `cerebellum'
	synapsis.rb:70:in `temporalLobe'
	synapsis.rb:33:in `block (2 levels) in somatosensation'
	/home/leonardo/.rvm/gems/ruby-2.2.1/gems/logging-2.0.0/lib/logging/diagnostic_context.rb:448:in `call'
	/home/leonardo/.rvm/gems/ruby-2.2.1/gems/logging-2.0.0/lib/logging/diagnostic_context.rb:448:in `block in create_with_logging_context'
ERROR  my_logger : <NoMethodError> undefined method `interpreter' for nil:NilClass
	synapsis.rb:78:in `cerebellum'
	synapsis.rb:70:in `temporalLobe'
	synapsis.rb:33:in `block (2 levels) in somatosensation'
	/home/leonardo/.rvm/gems/ruby-2.2.1/gems/logging-2.0.0/lib/logging/diagnostic_context.rb:448:in `call'
	/home/leonardo/.rvm/gems/ruby-2.2.1/gems/logging-2.0.0/lib/logging/diagnostic_context.rb:448:in `block in create_with_logging_context'
ERROR  my_logger : <NoMethodError> undefined method `interpreter' for nil:NilClass
	synapsis.rb:78:in `cerebellum'
	synapsis.rb:70:in `temporalLobe'
	synapsis.rb:33:in `block (2 levels) in somatosensation'
	/home/leonardo/.rvm/gems/ruby-2.2.1/gems/logging-2.0.0/lib/logging/diagnostic_context.rb:448:in `call'
	/home/leonardo/.rvm/gems/ruby-2.2.1/gems/logging-2.0.0/lib/logging/diagnostic_context.rb:448:in `block in create_with_logging_context'
ERROR  my_logger : <NoMethodError> undefined method `interpreter' for nil:NilClass
	synapsis.rb:78:in `cerebellum'
	synapsis.rb:70:in `temporalLobe'
	synapsis.rb:33:in `block (2 levels) in somatosensation'
	/home/leonardo/.rvm/gems/ruby-2.2.1/gems/logging-2.0.0/lib/logging/diagnostic_context.rb:448:in `call'
	/home/leonardo/.rvm/gems/ruby-2.2.1/gems/logging-2.0.0/lib/logging/diagnostic_context.rb:448:in `block in create_with_logging_context'
ERROR  my_logger : <NoMethodError> undefined method `interpreter' for nil:NilClass
	synapsis.rb:78:in `cerebellum'
	synapsis.rb:70:in `temporalLobe'
	synapsis.rb:33:in `block (2 levels) in somatosensation'
	/home/leonardo/.rvm/gems/ruby-2.2.1/gems/logging-2.0.0/lib/logging/diagnostic_context.rb:448:in `call'
	/home/leonardo/.rvm/gems/ruby-2.2.1/gems/logging-2.0.0/lib/logging/diagnostic_context.rb:448:in `block in create_with_logging_context'
ERROR  my_logger : <NoMethodError> undefined method `interpreter' for nil:NilClass
	synapsis.rb:78:in `cerebellum'
	synapsis.rb:70:in `temporalLobe'
	synapsis.rb:33:in `block (2 levels) in somatosensation'
	/home/leonardo/.rvm/gems/ruby-2.2.1/gems/logging-2.0.0/lib/logging/diagnostic_context.rb:448:in `call'
	/home/leonardo/.rvm/gems/ruby-2.2.1/gems/logging-2.0.0/lib/logging/diagnostic_context.rb:448:in `block in create_with_logging_context'
ERROR  my_logger : <NoMethodError> undefined method `interpreter' for nil:NilClass
	synapsis.rb:78:in `cerebellum'
	synapsis.rb:70:in `temporalLobe'
	synapsis.rb:33:in `block (2 levels) in somatosensation'
	/home/leonardo/.rvm/gems/ruby-2.2.1/gems/logging-2.0.0/lib/logging/diagnostic_context.rb:448:in `call'
	/home/leonardo/.rvm/gems/ruby-2.2.1/gems/logging-2.0.0/lib/logging/diagnostic_context.rb:448:in `block in create_with_logging_context'
ERROR  my_logger : <NoMethodError> undefined method `interpreter' for nil:NilClass
	synapsis.rb:78:in `cerebellum'
	synapsis.rb:70:in `temporalLobe'
	synapsis.rb:33:in `block (2 levels) in somatosensation'
	/home/leonardo/.rvm/gems/ruby-2.2.1/gems/logging-2.0.0/lib/logging/diagnostic_context.rb:448:in `call'
	/home/leonardo/.rvm/gems/ruby-2.2.1/gems/logging-2.0.0/lib/logging/diagnostic_context.rb:448:in `block in create_with_logging_context'
ERROR  my_logger : <NoMethodError> undefined method `interpreter' for nil:NilClass
	synapsis.rb:78:in `cerebellum'
	synapsis.rb:70:in `temporalLobe'
	synapsis.rb:33:in `block (2 levels) in somatosensation'
	/home/leonardo/.rvm/gems/ruby-2.2.1/gems/logging-2.0.0/lib/logging/diagnostic_context.rb:448:in `call'
	/home/leonardo/.rvm/gems/ruby-2.2.1/gems/logging-2.0.0/lib/logging/diagnostic_context.rb:448:in `block in create_with_logging_context'
ERROR  my_logger : <NoMethodError> undefined method `interpreter' for nil:NilClass
	synapsis.rb:78:in `cerebellum'
	synapsis.rb:70:in `temporalLobe'
	synapsis.rb:33:in `block (2 levels) in somatosensation'
	/home/leonardo/.rvm/gems/ruby-2.2.1/gems/logging-2.0.0/lib/logging/diagnostic_context.rb:448:in `call'
	/home/leonardo/.rvm/gems/ruby-2.2.1/gems/logging-2.0.0/lib/logging/diagnostic_context.rb:448:in `block in create_with_logging_context'
ERROR  my_logger : <NoMethodError> undefined method `interpreter' for nil:NilClass
	synapsis.rb:78:in `cerebellum'
	synapsis.rb:70:in `temporalLobe'
	synapsis.rb:33:in `block (2 levels) in somatosensation'
	/home/leonardo/.rvm/gems/ruby-2.2.1/gems/logging-2.0.0/lib/logging/diagnostic_context.rb:448:in `call'
	/home/leonardo/.rvm/gems/ruby-2.2.1/gems/logging-2.0.0/lib/logging/diagnostic_context.rb:448:in `block in create_with_logging_context'
ERROR  my_logger : <NoMethodError> undefined method `interpreter' for nil:NilClass
	synapsis.rb:78:in `cerebellum'
	synapsis.rb:70:in `temporalLobe'
	synapsis.rb:33:in `block (2 levels) in somatosensation'
	/home/leonardo/.rvm/gems/ruby-2.2.1/gems/logging-2.0.0/lib/logging/diagnostic_context.rb:448:in `call'
	/home/leonardo/.rvm/gems/ruby-2.2.1/gems/logging-2.0.0/lib/logging/diagnostic_context.rb:448:in `block in create_with_logging_context'
ERROR  my_logger : <NoMethodError> undefined method `interpreter' for nil:NilClass
	synapsis.rb:78:in `cerebellum'
	synapsis.rb:70:in `temporalLobe'
	synapsis.rb:33:in `block (2 levels) in somatosensation'
	/home/leonardo/.rvm/gems/ruby-2.2.1/gems/logging-2.0.0/lib/logging/diagnostic_context.rb:448:in `call'
	/home/leonardo/.rvm/gems/ruby-2.2.1/gems/logging-2.0.0/lib/logging/diagnostic_context.rb:448:in `block in create_with_logging_context'
ERROR  my_logger : <NoMethodError> undefined method `interpreter' for nil:NilClass
	synapsis.rb:78:in `cerebellum'
	synapsis.rb:70:in `temporalLobe'
	synapsis.rb:33:in `block (2 levels) in somatosensation'
	/home/leonardo/.rvm/gems/ruby-2.2.1/gems/logging-2.0.0/lib/logging/diagnostic_context.rb:448:in `call'
	/home/leonardo/.rvm/gems/ruby-2.2.1/gems/logging-2.0.0/lib/logging/diagnostic_context.rb:448:in `block in create_with_logging_context'
ERROR  my_logger : <NoMethodError> undefined method `interpreter' for nil:NilClass
	synapsis.rb:78:in `cerebellum'
	synapsis.rb:70:in `temporalLobe'
	synapsis.rb:33:in `block (2 levels) in somatosensation'
	/home/leonardo/.rvm/gems/ruby-2.2.1/gems/logging-2.0.0/lib/logging/diagnostic_context.rb:448:in `call'
	/home/leonardo/.rvm/gems/ruby-2.2.1/gems/logging-2.0.0/lib/logging/diagnostic_context.rb:448:in `block in create_with_logging_context'
ERROR  my_logger : <NoMethodError> undefined method `interpreter' for nil:NilClass
	synapsis.rb:78:in `cerebellum'
	synapsis.rb:70:in `temporalLobe'
	synapsis.rb:33:in `block (2 levels) in somatosensation'
	/home/leonardo/.rvm/gems/ruby-2.2.1/gems/logging-2.0.0/lib/logging/diagnostic_context.rb:448:in `call'
	/home/leonardo/.rvm/gems/ruby-2.2.1/gems/logging-2.0.0/lib/logging/diagnostic_context.rb:448:in `block in create_with_logging_context'
ERROR  my_logger : <NoMethodError> undefined method `interpreter' for nil:NilClass
	synapsis.rb:78:in `cerebellum'
	synapsis.rb:70:in `temporalLobe'
	synapsis.rb:33:in `block (2 levels) in somatosensation'
	/home/leonardo/.rvm/gems/ruby-2.2.1/gems/logging-2.0.0/lib/logging/diagnostic_context.rb:448:in `call'
	/home/leonardo/.rvm/gems/ruby-2.2.1/gems/logging-2.0.0/lib/logging/diagnostic_context.rb:448:in `block in create_with_logging_context'
ERROR  my_logger : <NoMethodError> undefined method `interpreter' for nil:NilClass
	synapsis.rb:78:in `cerebellum'
	synapsis.rb:70:in `temporalLobe'
	synapsis.rb:33:in `block (2 levels) in somatosensation'
	/home/leonardo/.rvm/gems/ruby-2.2.1/gems/logging-2.0.0/lib/logging/diagnostic_context.rb:448:in `call'
	/home/leonardo/.rvm/gems/ruby-2.2.1/gems/logging-2.0.0/lib/logging/diagnostic_context.rb:448:in `block in create_with_logging_context'
ERROR  my_logger : <NoMethodError> undefined method `interpreter' for nil:NilClass
	synapsis.rb:78:in `cerebellum'
	synapsis.rb:70:in `temporalLobe'
	synapsis.rb:33:in `block (2 levels) in somatosensation'
	/home/leonardo/.rvm/gems/ruby-2.2.1/gems/logging-2.0.0/lib/logging/diagnostic_context.rb:448:in `call'
	/home/leonardo/.rvm/gems/ruby-2.2.1/gems/logging-2.0.0/lib/logging/diagnostic_context.rb:448:in `block in create_with_logging_context'
ERROR  my_logger : <URI::InvalidURIError> URI must be ascii only "https://pt.wikipedia.org/w/api.php?format=json&action=query&prop=extracts&exintro=&explaintext=&titles=Banco Internacional para Reconstru\u{e7}\u{e3}o e Desenvolvimento"
	/home/leonardo/.rvm/rubies/ruby-2.2.1/lib/ruby/2.2.0/uri/rfc3986_parser.rb:20:in `split'
	/home/leonardo/.rvm/rubies/ruby-2.2.1/lib/ruby/2.2.0/uri/rfc3986_parser.rb:72:in `parse'
	/home/leonardo/.rvm/rubies/ruby-2.2.1/lib/ruby/2.2.0/uri/common.rb:226:in `parse'
	/home/leonardo/.rvm/gems/ruby-2.2.1/gems/rest-client-1.8.0/lib/restclient/request.rb:276:in `parse_url'
	/home/leonardo/.rvm/gems/ruby-2.2.1/gems/rest-client-1.8.0/lib/restclient/request.rb:280:in `parse_url_with_auth'
	/home/leonardo/.rvm/gems/ruby-2.2.1/gems/rest-client-1.8.0/lib/restclient/request.rb:175:in `execute'
	/home/leonardo/.rvm/gems/ruby-2.2.1/gems/rest-client-1.8.0/lib/restclient/request.rb:41:in `execute'
	/home/leonardo/.rvm/gems/ruby-2.2.1/gems/rest-client-1.8.0/lib/restclient.rb:65:in `get'
	/home/leonardo/Documentos/projects/personal/Cerebrum/actions/extensions/wiki/wiki.rb:34:in `block in search'
	/home/leonardo/Documentos/projects/personal/Cerebrum/actions/extensions/wiki/wiki.rb:33:in `each'
	/home/leonardo/Documentos/projects/personal/Cerebrum/actions/extensions/wiki/wiki.rb:33:in `search'
	/home/leonardo/Documentos/projects/personal/Cerebrum/actions/extensions/wiki/wiki.rb:9:in `interpreter'
	synapsis.rb:78:in `cerebellum'
	synapsis.rb:70:in `temporalLobe'
	synapsis.rb:33:in `block (2 levels) in somatosensation'
	/home/leonardo/.rvm/gems/ruby-2.2.1/gems/logging-2.0.0/lib/logging/diagnostic_context.rb:448:in `call'
	/home/leonardo/.rvm/gems/ruby-2.2.1/gems/logging-2.0.0/lib/logging/diagnostic_context.rb:448:in `block in create_with_logging_context'
ERROR  my_logger : <NoMethodError> undefined method `interpreter' for nil:NilClass
	synapsis.rb:75:in `cerebellum'
	synapsis.rb:67:in `temporalLobe'
	synapsis.rb:30:in `block (2 levels) in monitoring_queue'
	/home/leonardo/.rvm/gems/ruby-2.2.1/gems/logging-2.0.0/lib/logging/diagnostic_context.rb:448:in `call'
	/home/leonardo/.rvm/gems/ruby-2.2.1/gems/logging-2.0.0/lib/logging/diagnostic_context.rb:448:in `block in create_with_logging_context'
ERROR  my_logger : <NoMethodError> undefined method `interpreter' for nil:NilClass
	synapsis.rb:76:in `cerebellum'
	synapsis.rb:67:in `temporalLobe'
	synapsis.rb:30:in `block (2 levels) in monitoring_queue'
	/home/leonardo/.rvm/gems/ruby-2.2.1/gems/logging-2.0.0/lib/logging/diagnostic_context.rb:448:in `call'
	/home/leonardo/.rvm/gems/ruby-2.2.1/gems/logging-2.0.0/lib/logging/diagnostic_context.rb:448:in `block in create_with_logging_context'
ERROR  my_logger : <NoMethodError> undefined method `interpreter' for nil:NilClass
	synapsis.rb:76:in `cerebellum'
	synapsis.rb:67:in `temporalLobe'
	synapsis.rb:30:in `block (2 levels) in monitoring_queue'
	/home/leonardo/.rvm/gems/ruby-2.2.1/gems/logging-2.0.0/lib/logging/diagnostic_context.rb:448:in `call'
	/home/leonardo/.rvm/gems/ruby-2.2.1/gems/logging-2.0.0/lib/logging/diagnostic_context.rb:448:in `block in create_with_logging_context'
ERROR  my_logger : <NoMethodError> undefined method `interpreter' for nil:NilClass
	synapsis.rb:77:in `cerebellum'
	synapsis.rb:68:in `temporalLobe'
	synapsis.rb:30:in `block (2 levels) in monitoring_queue'
	/home/leonardo/.rvm/gems/ruby-2.2.1/gems/logging-2.0.0/lib/logging/diagnostic_context.rb:448:in `call'
	/home/leonardo/.rvm/gems/ruby-2.2.1/gems/logging-2.0.0/lib/logging/diagnostic_context.rb:448:in `block in create_with_logging_context'
ERROR  my_logger : <NoMethodError> undefined method `interpreter' for nil:NilClass
	synapsis.rb:76:in `cerebellum'
	synapsis.rb:67:in `temporalLobe'
	synapsis.rb:30:in `block (2 levels) in monitoring_queue'
	/home/leonardo/.rvm/gems/ruby-2.2.1/gems/logging-2.0.0/lib/logging/diagnostic_context.rb:448:in `call'
	/home/leonardo/.rvm/gems/ruby-2.2.1/gems/logging-2.0.0/lib/logging/diagnostic_context.rb:448:in `block in create_with_logging_context'
ERROR  my_logger : <NoMethodError> undefined method `interpreter' for nil:NilClass
	synapsis.rb:77:in `cerebellum'
	synapsis.rb:68:in `temporalLobe'
	synapsis.rb:30:in `block (2 levels) in monitoring_queue'
	/home/leonardo/.rvm/gems/ruby-2.2.1/gems/logging-2.0.0/lib/logging/diagnostic_context.rb:448:in `call'
	/home/leonardo/.rvm/gems/ruby-2.2.1/gems/logging-2.0.0/lib/logging/diagnostic_context.rb:448:in `block in create_with_logging_context'
ERROR  my_logger : <NoMethodError> undefined method `interpreter' for nil:NilClass
	synapsis.rb:77:in `cerebellum'
	synapsis.rb:68:in `temporalLobe'
	synapsis.rb:30:in `block (2 levels) in monitoring_queue'
	/home/leonardo/.rvm/gems/ruby-2.2.1/gems/logging-2.0.0/lib/logging/diagnostic_context.rb:448:in `call'
	/home/leonardo/.rvm/gems/ruby-2.2.1/gems/logging-2.0.0/lib/logging/diagnostic_context.rb:448:in `block in create_with_logging_context'
ERROR  my_logger : <NoMethodError> undefined method `interpreter' for nil:NilClass
	synapsis.rb:77:in `cerebellum'
	synapsis.rb:68:in `temporalLobe'
	synapsis.rb:30:in `block (2 levels) in monitoring_queue'
	/home/leonardo/.rvm/gems/ruby-2.2.1/gems/logging-2.0.0/lib/logging/diagnostic_context.rb:448:in `call'
	/home/leonardo/.rvm/gems/ruby-2.2.1/gems/logging-2.0.0/lib/logging/diagnostic_context.rb:448:in `block in create_with_logging_context'
ERROR  my_logger : <NoMethodError> undefined method `interpreter' for nil:NilClass
	synapsis.rb:77:in `cerebellum'
	synapsis.rb:68:in `temporalLobe'
	synapsis.rb:30:in `block (2 levels) in monitoring_queue'
	/home/leonardo/.rvm/gems/ruby-2.2.1/gems/logging-2.0.0/lib/logging/diagnostic_context.rb:448:in `call'
	/home/leonardo/.rvm/gems/ruby-2.2.1/gems/logging-2.0.0/lib/logging/diagnostic_context.rb:448:in `block in create_with_logging_context'
ERROR  my_logger : <NoMethodError> undefined method `interpreter' for nil:NilClass
	synapsis.rb:77:in `cerebellum'
	synapsis.rb:68:in `temporalLobe'
	synapsis.rb:30:in `block (2 levels) in monitoring_queue'
	/home/leonardo/.rvm/gems/ruby-2.2.1/gems/logging-2.0.0/lib/logging/diagnostic_context.rb:448:in `call'
	/home/leonardo/.rvm/gems/ruby-2.2.1/gems/logging-2.0.0/lib/logging/diagnostic_context.rb:448:in `block in create_with_logging_context'
ERROR  my_logger : <ArgumentError> wrong number of arguments (1 for 2)
	/home/leonardo/Documentos/projects/personal/Cerebrum/actions/extensions/sentence_save/sentence_save.rb:21:in `saveOne'
	/home/leonardo/Documentos/projects/personal/Cerebrum/actions/extensions/sentence_save/sentence_save.rb:7:in `interpreter'
	synapsis.rb:77:in `cerebellum'
	synapsis.rb:68:in `temporalLobe'
	synapsis.rb:30:in `block (2 levels) in monitoring_queue'
	/home/leonardo/.rvm/gems/ruby-2.2.1/gems/logging-2.0.0/lib/logging/diagnostic_context.rb:448:in `call'
	/home/leonardo/.rvm/gems/ruby-2.2.1/gems/logging-2.0.0/lib/logging/diagnostic_context.rb:448:in `block in create_with_logging_context'
ERROR  my_logger : <ArgumentError> wrong number of arguments (1 for 2)
	/home/leonardo/Documentos/projects/personal/Cerebrum/actions/extensions/sentence_save/sentence_save.rb:21:in `saveOne'
	/home/leonardo/Documentos/projects/personal/Cerebrum/actions/extensions/sentence_save/sentence_save.rb:7:in `interpreter'
	synapsis.rb:77:in `cerebellum'
	synapsis.rb:68:in `temporalLobe'
	synapsis.rb:30:in `block (2 levels) in monitoring_queue'
	/home/leonardo/.rvm/gems/ruby-2.2.1/gems/logging-2.0.0/lib/logging/diagnostic_context.rb:448:in `call'
	/home/leonardo/.rvm/gems/ruby-2.2.1/gems/logging-2.0.0/lib/logging/diagnostic_context.rb:448:in `block in create_with_logging_context'
ERROR  my_logger : <ArgumentError> wrong number of arguments (1 for 2)
	/home/leonardo/Documentos/projects/personal/Cerebrum/actions/extensions/sentence_save/sentence_save.rb:21:in `saveOne'
	/home/leonardo/Documentos/projects/personal/Cerebrum/actions/extensions/sentence_save/sentence_save.rb:7:in `interpreter'
	synapsis.rb:75:in `cerebellum'
	synapsis.rb:68:in `temporalLobe'
	synapsis.rb:30:in `block (2 levels) in monitoring_queue'
	/home/leonardo/.rvm/gems/ruby-2.2.1/gems/logging-2.0.0/lib/logging/diagnostic_context.rb:448:in `call'
	/home/leonardo/.rvm/gems/ruby-2.2.1/gems/logging-2.0.0/lib/logging/diagnostic_context.rb:448:in `block in create_with_logging_context'
ERROR  my_logger : <ArgumentError> wrong number of arguments (1 for 2)
	/home/leonardo/Documentos/projects/personal/Cerebrum/actions/extensions/sentence_save/sentence_save.rb:21:in `saveOne'
	/home/leonardo/Documentos/projects/personal/Cerebrum/actions/extensions/sentence_save/sentence_save.rb:7:in `interpreter'
	synapsis.rb:75:in `cerebellum'
	synapsis.rb:68:in `temporalLobe'
	synapsis.rb:30:in `block (2 levels) in monitoring_queue'
	/home/leonardo/.rvm/gems/ruby-2.2.1/gems/logging-2.0.0/lib/logging/diagnostic_context.rb:448:in `call'
	/home/leonardo/.rvm/gems/ruby-2.2.1/gems/logging-2.0.0/lib/logging/diagnostic_context.rb:448:in `block in create_with_logging_context'
ERROR  my_logger : <ArgumentError> wrong number of arguments (1 for 2)
	/home/leonardo/Documentos/projects/personal/Cerebrum/actions/extensions/sentence_save/sentence_save.rb:21:in `saveOne'
	/home/leonardo/Documentos/projects/personal/Cerebrum/actions/extensions/sentence_save/sentence_save.rb:7:in `interpreter'
	synapsis.rb:75:in `cerebellum'
	synapsis.rb:68:in `temporalLobe'
	synapsis.rb:30:in `block (2 levels) in monitoring_queue'
	/home/leonardo/.rvm/gems/ruby-2.2.1/gems/logging-2.0.0/lib/logging/diagnostic_context.rb:448:in `call'
	/home/leonardo/.rvm/gems/ruby-2.2.1/gems/logging-2.0.0/lib/logging/diagnostic_context.rb:448:in `block in create_with_logging_context'
ERROR  my_logger : <ArgumentError> wrong number of arguments (1 for 2)
	/home/leonardo/Documentos/projects/personal/Cerebrum/actions/extensions/sentence_save/sentence_save.rb:21:in `saveOne'
	/home/leonardo/Documentos/projects/personal/Cerebrum/actions/extensions/sentence_save/sentence_save.rb:7:in `interpreter'
	synapsis.rb:75:in `cerebellum'
	synapsis.rb:68:in `temporalLobe'
	synapsis.rb:30:in `block (2 levels) in monitoring_queue'
	/home/leonardo/.rvm/gems/ruby-2.2.1/gems/logging-2.0.0/lib/logging/diagnostic_context.rb:448:in `call'
	/home/leonardo/.rvm/gems/ruby-2.2.1/gems/logging-2.0.0/lib/logging/diagnostic_context.rb:448:in `block in create_with_logging_context'
ERROR  my_logger : <ArgumentError> wrong number of arguments (1 for 2)
	/home/leonardo/Documentos/projects/personal/Cerebrum/actions/extensions/sentence_save/sentence_save.rb:21:in `saveOne'
	/home/leonardo/Documentos/projects/personal/Cerebrum/actions/extensions/sentence_save/sentence_save.rb:7:in `interpreter'
	synapsis.rb:77:in `cerebellum'
	synapsis.rb:69:in `temporalLobe'
	synapsis.rb:30:in `block (2 levels) in monitoring_queue'
	/home/leonardo/.rvm/gems/ruby-2.2.1/gems/logging-2.0.0/lib/logging/diagnostic_context.rb:448:in `call'
	/home/leonardo/.rvm/gems/ruby-2.2.1/gems/logging-2.0.0/lib/logging/diagnostic_context.rb:448:in `block in create_with_logging_context'
ERROR  my_logger : <ArgumentError> wrong number of arguments (1 for 2)
	/home/leonardo/Documentos/projects/personal/Cerebrum/actions/extensions/sentence_save/sentence_save.rb:21:in `saveOne'
	/home/leonardo/Documentos/projects/personal/Cerebrum/actions/extensions/sentence_save/sentence_save.rb:7:in `interpreter'
	synapsis.rb:77:in `cerebellum'
	synapsis.rb:69:in `temporalLobe'
	synapsis.rb:30:in `block (2 levels) in monitoring_queue'
	/home/leonardo/.rvm/gems/ruby-2.2.1/gems/logging-2.0.0/lib/logging/diagnostic_context.rb:448:in `call'
	/home/leonardo/.rvm/gems/ruby-2.2.1/gems/logging-2.0.0/lib/logging/diagnostic_context.rb:448:in `block in create_with_logging_context'
ERROR  my_logger : <ArgumentError> wrong number of arguments (1 for 2)
	/home/leonardo/Documentos/projects/personal/Cerebrum/actions/extensions/sentence_save/sentence_save.rb:21:in `saveOne'
	/home/leonardo/Documentos/projects/personal/Cerebrum/actions/extensions/sentence_save/sentence_save.rb:7:in `interpreter'
	synapsis.rb:77:in `cerebellum'
	synapsis.rb:69:in `temporalLobe'
	synapsis.rb:30:in `block (2 levels) in monitoring_queue'
	/home/leonardo/.rvm/gems/ruby-2.2.1/gems/logging-2.0.0/lib/logging/diagnostic_context.rb:448:in `call'
	/home/leonardo/.rvm/gems/ruby-2.2.1/gems/logging-2.0.0/lib/logging/diagnostic_context.rb:448:in `block in create_with_logging_context'
ERROR  my_logger : <ArgumentError> wrong number of arguments (1 for 2)
	/home/leonardo/Documentos/projects/personal/Cerebrum/actions/extensions/sentence_save/sentence_save.rb:21:in `saveOne'
	/home/leonardo/Documentos/projects/personal/Cerebrum/actions/extensions/sentence_save/sentence_save.rb:7:in `interpreter'
	synapsis.rb:77:in `cerebellum'
	synapsis.rb:69:in `temporalLobe'
	synapsis.rb:30:in `block (2 levels) in monitoring_queue'
	/home/leonardo/.rvm/gems/ruby-2.2.1/gems/logging-2.0.0/lib/logging/diagnostic_context.rb:448:in `call'
	/home/leonardo/.rvm/gems/ruby-2.2.1/gems/logging-2.0.0/lib/logging/diagnostic_context.rb:448:in `block in create_with_logging_context'
ERROR  my_logger : <ArgumentError> wrong number of arguments (1 for 2)
	/home/leonardo/Documentos/projects/personal/Cerebrum/actions/extensions/sentence_save/sentence_save.rb:21:in `saveOne'
	/home/leonardo/Documentos/projects/personal/Cerebrum/actions/extensions/sentence_save/sentence_save.rb:7:in `interpreter'
	synapsis.rb:78:in `cerebellum'
	synapsis.rb:70:in `temporalLobe'
	synapsis.rb:30:in `block (2 levels) in monitoring_queue'
	/home/leonardo/.rvm/gems/ruby-2.2.1/gems/logging-2.0.0/lib/logging/diagnostic_context.rb:448:in `call'
	/home/leonardo/.rvm/gems/ruby-2.2.1/gems/logging-2.0.0/lib/logging/diagnostic_context.rb:448:in `block in create_with_logging_context'
ERROR  my_logger : <ArgumentError> wrong number of arguments (1 for 2)
	/home/leonardo/Documentos/projects/personal/Cerebrum/actions/extensions/sentence_save/sentence_save.rb:21:in `saveOne'
	/home/leonardo/Documentos/projects/personal/Cerebrum/actions/extensions/sentence_save/sentence_save.rb:7:in `interpreter'
	synapsis.rb:79:in `cerebellum'
	synapsis.rb:71:in `temporalLobe'
	synapsis.rb:30:in `block (2 levels) in monitoring_queue'
	/home/leonardo/.rvm/gems/ruby-2.2.1/gems/logging-2.0.0/lib/logging/diagnostic_context.rb:448:in `call'
	/home/leonardo/.rvm/gems/ruby-2.2.1/gems/logging-2.0.0/lib/logging/diagnostic_context.rb:448:in `block in create_with_logging_context'
ERROR  my_logger : <NoMethodError> undefined method `interpreter' for nil:NilClass
	synapsis.rb:79:in `cerebellum'
	synapsis.rb:71:in `temporalLobe'
	synapsis.rb:30:in `block (2 levels) in monitoring_queue'
	/home/leonardo/.rvm/gems/ruby-2.2.1/gems/logging-2.0.0/lib/logging/diagnostic_context.rb:448:in `call'
	/home/leonardo/.rvm/gems/ruby-2.2.1/gems/logging-2.0.0/lib/logging/diagnostic_context.rb:448:in `block in create_with_logging_context'
ERROR  my_logger : <NoMethodError> undefined method `interpreter' for nil:NilClass
	synapsis.rb:79:in `cerebellum'
	synapsis.rb:71:in `temporalLobe'
	synapsis.rb:30:in `block (2 levels) in monitoring_queue'
	/home/leonardo/.rvm/gems/ruby-2.2.1/gems/logging-2.0.0/lib/logging/diagnostic_context.rb:448:in `call'
	/home/leonardo/.rvm/gems/ruby-2.2.1/gems/logging-2.0.0/lib/logging/diagnostic_context.rb:448:in `block in create_with_logging_context'
ERROR  my_logger : <NoMethodError> undefined method `interpreter' for nil:NilClass
	synapsis.rb:79:in `cerebellum'
	synapsis.rb:71:in `temporalLobe'
	synapsis.rb:30:in `block (2 levels) in monitoring_queue'
	/home/leonardo/.rvm/gems/ruby-2.2.1/gems/logging-2.0.0/lib/logging/diagnostic_context.rb:448:in `call'
	/home/leonardo/.rvm/gems/ruby-2.2.1/gems/logging-2.0.0/lib/logging/diagnostic_context.rb:448:in `block in create_with_logging_context'
ERROR  my_logger : <NoMethodError> undefined method `interpreter' for nil:NilClass
	synapsis.rb:79:in `cerebellum'
	synapsis.rb:71:in `temporalLobe'
	synapsis.rb:30:in `block (2 levels) in monitoring_queue'
	/home/leonardo/.rvm/gems/ruby-2.2.1/gems/logging-2.0.0/lib/logging/diagnostic_context.rb:448:in `call'
	/home/leonardo/.rvm/gems/ruby-2.2.1/gems/logging-2.0.0/lib/logging/diagnostic_context.rb:448:in `block in create_with_logging_context'
ERROR  my_logger : <NoMethodError> undefined method `interpreter' for nil:NilClass
	synapsis.rb:79:in `cerebellum'
	synapsis.rb:71:in `temporalLobe'
	synapsis.rb:30:in `block (2 levels) in monitoring_queue'
	/home/leonardo/.rvm/gems/ruby-2.2.1/gems/logging-2.0.0/lib/logging/diagnostic_context.rb:448:in `call'
	/home/leonardo/.rvm/gems/ruby-2.2.1/gems/logging-2.0.0/lib/logging/diagnostic_context.rb:448:in `block in create_with_logging_context'
ERROR  my_logger : <NoMethodError> undefined method `interpreter' for nil:NilClass
	synapsis.rb:79:in `cerebellum'
	synapsis.rb:71:in `temporalLobe'
	synapsis.rb:30:in `block (2 levels) in monitoring_queue'
	/home/leonardo/.rvm/gems/ruby-2.2.1/gems/logging-2.0.0/lib/logging/diagnostic_context.rb:448:in `call'
	/home/leonardo/.rvm/gems/ruby-2.2.1/gems/logging-2.0.0/lib/logging/diagnostic_context.rb:448:in `block in create_with_logging_context'
ERROR  my_logger : <NoMethodError> undefined method `interpreter' for nil:NilClass
	synapsis.rb:71:in `cerebellum'
	synapsis.rb:64:in `temporalLobe'
	synapsis.rb:30:in `block (2 levels) in monitoring_queue'
	/home/leonardo/.rvm/gems/ruby-2.2.1/gems/logging-2.0.0/lib/logging/diagnostic_context.rb:448:in `call'
	/home/leonardo/.rvm/gems/ruby-2.2.1/gems/logging-2.0.0/lib/logging/diagnostic_context.rb:448:in `block in create_with_logging_context'
ERROR  my_logger : <NoMethodError> undefined method `interpreter' for nil:NilClass
	synapsis.rb:71:in `cerebellum'
	synapsis.rb:64:in `temporalLobe'
	synapsis.rb:30:in `block (2 levels) in monitoring_queue'
	/home/leonardo/.rvm/gems/ruby-2.2.1/gems/logging-2.0.0/lib/logging/diagnostic_context.rb:448:in `call'
	/home/leonardo/.rvm/gems/ruby-2.2.1/gems/logging-2.0.0/lib/logging/diagnostic_context.rb:448:in `block in create_with_logging_context'
ERROR  my_logger : <NoMethodError> undefined method `interpreter' for nil:NilClass
	synapsis.rb:71:in `cerebellum'
	synapsis.rb:64:in `temporalLobe'
	synapsis.rb:30:in `block (2 levels) in monitoring_queue'
	/home/leonardo/.rvm/gems/ruby-2.2.1/gems/logging-2.0.0/lib/logging/diagnostic_context.rb:448:in `call'
	/home/leonardo/.rvm/gems/ruby-2.2.1/gems/logging-2.0.0/lib/logging/diagnostic_context.rb:448:in `block in create_with_logging_context'
ERROR  my_logger : <URI::InvalidURIError> URI must be ascii only "https://pt.wikipedia.org/w/api.php?format=json&action=query&prop=extracts&exintro=&explaintext=&titles=Territ\u{f3}rios da R\u{fa}ssia"
	/home/leonardo/.rvm/rubies/ruby-2.2.1/lib/ruby/2.2.0/uri/rfc3986_parser.rb:20:in `split'
	/home/leonardo/.rvm/rubies/ruby-2.2.1/lib/ruby/2.2.0/uri/rfc3986_parser.rb:72:in `parse'
	/home/leonardo/.rvm/rubies/ruby-2.2.1/lib/ruby/2.2.0/uri/common.rb:226:in `parse'
	/home/leonardo/.rvm/gems/ruby-2.2.1/gems/rest-client-1.8.0/lib/restclient/request.rb:276:in `parse_url'
	/home/leonardo/.rvm/gems/ruby-2.2.1/gems/rest-client-1.8.0/lib/restclient/request.rb:280:in `parse_url_with_auth'
	/home/leonardo/.rvm/gems/ruby-2.2.1/gems/rest-client-1.8.0/lib/restclient/request.rb:175:in `execute'
	/home/leonardo/.rvm/gems/ruby-2.2.1/gems/rest-client-1.8.0/lib/restclient/request.rb:41:in `execute'
	/home/leonardo/.rvm/gems/ruby-2.2.1/gems/rest-client-1.8.0/lib/restclient.rb:65:in `get'
	/home/leonardo/Documentos/projects/personal/Cerebrum/actions/extensions/wiki/wiki.rb:32:in `block in search'
	/home/leonardo/Documentos/projects/personal/Cerebrum/actions/extensions/wiki/wiki.rb:31:in `each'
	/home/leonardo/Documentos/projects/personal/Cerebrum/actions/extensions/wiki/wiki.rb:31:in `search'
	/home/leonardo/Documentos/projects/personal/Cerebrum/actions/extensions/wiki/wiki.rb:7:in `interpreter'
	synapsis.rb:71:in `cerebellum'
	synapsis.rb:64:in `temporalLobe'
	synapsis.rb:30:in `block (2 levels) in monitoring_queue'
	/home/leonardo/.rvm/gems/ruby-2.2.1/gems/logging-2.0.0/lib/logging/diagnostic_context.rb:448:in `call'
	/home/leonardo/.rvm/gems/ruby-2.2.1/gems/logging-2.0.0/lib/logging/diagnostic_context.rb:448:in `block in create_with_logging_context'
ERROR  my_logger : <NoMethodError> undefined method `interpreter' for nil:NilClass
	synapsis.rb:71:in `cerebellum'
	synapsis.rb:64:in `temporalLobe'
	synapsis.rb:30:in `block (2 levels) in monitoring_queue'
	/home/leonardo/.rvm/gems/ruby-2.2.1/gems/logging-2.0.0/lib/logging/diagnostic_context.rb:448:in `call'
	/home/leonardo/.rvm/gems/ruby-2.2.1/gems/logging-2.0.0/lib/logging/diagnostic_context.rb:448:in `block in create_with_logging_context'
ERROR  my_logger : <NoMethodError> undefined method `interpreter' for nil:NilClass
	synapsis.rb:71:in `cerebellum'
	synapsis.rb:64:in `temporalLobe'
	synapsis.rb:30:in `block (2 levels) in monitoring_queue'
	/home/leonardo/.rvm/gems/ruby-2.2.1/gems/logging-2.0.0/lib/logging/diagnostic_context.rb:448:in `call'
	/home/leonardo/.rvm/gems/ruby-2.2.1/gems/logging-2.0.0/lib/logging/diagnostic_context.rb:448:in `block in create_with_logging_context'
ERROR  my_logger : <RuntimeError> Haven't a command
	synapsis.rb:56:in `temporalLobe'
	synapsis.rb:30:in `block (2 levels) in monitoring_queue'
	/home/leonardo/.rvm/gems/ruby-2.2.1/gems/logging-2.0.0/lib/logging/diagnostic_context.rb:448:in `call'
	/home/leonardo/.rvm/gems/ruby-2.2.1/gems/logging-2.0.0/lib/logging/diagnostic_context.rb:448:in `block in create_with_logging_context'
ERROR  my_logger : <RuntimeError> Haven't a command
	synapsis.rb:56:in `temporalLobe'
	synapsis.rb:30:in `block (2 levels) in monitoring_queue'
	/home/leonardo/.rvm/gems/ruby-2.2.1/gems/logging-2.0.0/lib/logging/diagnostic_context.rb:448:in `call'
	/home/leonardo/.rvm/gems/ruby-2.2.1/gems/logging-2.0.0/lib/logging/diagnostic_context.rb:448:in `block in create_with_logging_context'
ERROR  my_logger : <RuntimeError> Haven't a command
	synapsis.rb:56:in `temporalLobe'
	synapsis.rb:30:in `block (2 levels) in monitoring_queue'
	/home/leonardo/.rvm/gems/ruby-2.2.1/gems/logging-2.0.0/lib/logging/diagnostic_context.rb:448:in `call'
	/home/leonardo/.rvm/gems/ruby-2.2.1/gems/logging-2.0.0/lib/logging/diagnostic_context.rb:448:in `block in create_with_logging_context'
ERROR  my_logger : <RuntimeError> Haven't a command
	synapsis.rb:56:in `temporalLobe'
	synapsis.rb:30:in `block (2 levels) in monitoring_queue'
	/home/leonardo/.rvm/gems/ruby-2.2.1/gems/logging-2.0.0/lib/logging/diagnostic_context.rb:448:in `call'
	/home/leonardo/.rvm/gems/ruby-2.2.1/gems/logging-2.0.0/lib/logging/diagnostic_context.rb:448:in `block in create_with_logging_context'
ERROR  my_logger : <RuntimeError> Haven't a command
	synapsis.rb:56:in `temporalLobe'
	synapsis.rb:30:in `block (2 levels) in monitoring_queue'
	/home/leonardo/.rvm/gems/ruby-2.2.1/gems/logging-2.0.0/lib/logging/diagnostic_context.rb:448:in `call'
	/home/leonardo/.rvm/gems/ruby-2.2.1/gems/logging-2.0.0/lib/logging/diagnostic_context.rb:448:in `block in create_with_logging_context'
ERROR  my_logger : <RuntimeError> Haven't a command
	synapsis.rb:56:in `temporalLobe'
	synapsis.rb:30:in `block (2 levels) in monitoring_queue'
	/home/leonardo/.rvm/gems/ruby-2.2.1/gems/logging-2.0.0/lib/logging/diagnostic_context.rb:448:in `call'
	/home/leonardo/.rvm/gems/ruby-2.2.1/gems/logging-2.0.0/lib/logging/diagnostic_context.rb:448:in `block in create_with_logging_context'
ERROR  my_logger : <NoMethodError> undefined method `interpreter' for nil:NilClass
	synapsis.rb:78:in `cerebellum'
	synapsis.rb:66:in `temporalLobe'
	synapsis.rb:30:in `block (2 levels) in monitoring_queue'
	/home/leonardo/.rvm/gems/ruby-2.2.1/gems/logging-2.0.0/lib/logging/diagnostic_context.rb:448:in `call'
	/home/leonardo/.rvm/gems/ruby-2.2.1/gems/logging-2.0.0/lib/logging/diagnostic_context.rb:448:in `block in create_with_logging_context'
ERROR  my_logger : <NoMethodError> undefined method `interpreter' for nil:NilClass
	synapsis.rb:78:in `cerebellum'
	synapsis.rb:66:in `temporalLobe'
	synapsis.rb:30:in `block (2 levels) in monitoring_queue'
	/home/leonardo/.rvm/gems/ruby-2.2.1/gems/logging-2.0.0/lib/logging/diagnostic_context.rb:448:in `call'
	/home/leonardo/.rvm/gems/ruby-2.2.1/gems/logging-2.0.0/lib/logging/diagnostic_context.rb:448:in `block in create_with_logging_context'
ERROR  my_logger : <NoMethodError> undefined method `interpreter' for nil:NilClass
	synapsis.rb:78:in `cerebellum'
	synapsis.rb:66:in `temporalLobe'
	synapsis.rb:30:in `block (2 levels) in monitoring_queue'
	/home/leonardo/.rvm/gems/ruby-2.2.1/gems/logging-2.0.0/lib/logging/diagnostic_context.rb:448:in `call'
	/home/leonardo/.rvm/gems/ruby-2.2.1/gems/logging-2.0.0/lib/logging/diagnostic_context.rb:448:in `block in create_with_logging_context'
ERROR  my_logger : <NoMethodError> undefined method `interpreter' for nil:NilClass
	synapsis.rb:78:in `cerebellum'
	synapsis.rb:66:in `temporalLobe'
	synapsis.rb:30:in `block (2 levels) in monitoring_queue'
	/home/leonardo/.rvm/gems/ruby-2.2.1/gems/logging-2.0.0/lib/logging/diagnostic_context.rb:448:in `call'
	/home/leonardo/.rvm/gems/ruby-2.2.1/gems/logging-2.0.0/lib/logging/diagnostic_context.rb:448:in `block in create_with_logging_context'
ERROR  my_logger : <NoMethodError> undefined method `interpreter' for nil:NilClass
	synapsis.rb:78:in `cerebellum'
	synapsis.rb:66:in `temporalLobe'
	synapsis.rb:30:in `block (2 levels) in monitoring_queue'
	/home/leonardo/.rvm/gems/ruby-2.2.1/gems/logging-2.0.0/lib/logging/diagnostic_context.rb:448:in `call'
	/home/leonardo/.rvm/gems/ruby-2.2.1/gems/logging-2.0.0/lib/logging/diagnostic_context.rb:448:in `block in create_with_logging_context'
ERROR  my_logger : <NoMethodError> undefined method `interpreter' for nil:NilClass
	synapsis.rb:79:in `cerebellum'
	synapsis.rb:67:in `temporalLobe'
	synapsis.rb:30:in `block (2 levels) in monitoring_queue'
	/home/leonardo/.rvm/gems/ruby-2.2.1/gems/logging-2.0.0/lib/logging/diagnostic_context.rb:448:in `call'
	/home/leonardo/.rvm/gems/ruby-2.2.1/gems/logging-2.0.0/lib/logging/diagnostic_context.rb:448:in `block in create_with_logging_context'
ERROR  my_logger : <NoMethodError> undefined method `interpreter' for nil:NilClass
	synapsis.rb:79:in `cerebellum'
	synapsis.rb:67:in `temporalLobe'
	synapsis.rb:30:in `block (2 levels) in monitoring_queue'
	/home/leonardo/.rvm/gems/ruby-2.2.1/gems/logging-2.0.0/lib/logging/diagnostic_context.rb:448:in `call'
	/home/leonardo/.rvm/gems/ruby-2.2.1/gems/logging-2.0.0/lib/logging/diagnostic_context.rb:448:in `block in create_with_logging_context'
ERROR  my_logger : <NoMethodError> undefined method `interpreter' for nil:NilClass
	synapsis.rb:79:in `cerebellum'
	synapsis.rb:67:in `temporalLobe'
	synapsis.rb:30:in `block (2 levels) in monitoring_queue'
	/home/leonardo/.rvm/gems/ruby-2.2.1/gems/logging-2.0.0/lib/logging/diagnostic_context.rb:448:in `call'
	/home/leonardo/.rvm/gems/ruby-2.2.1/gems/logging-2.0.0/lib/logging/diagnostic_context.rb:448:in `block in create_with_logging_context'
ERROR  my_logger : <NoMethodError> undefined method `interpreter' for nil:NilClass
	synapsis.rb:86:in `cerebellum'
	synapsis.rb:74:in `temporalLobe'
	synapsis.rb:30:in `block (2 levels) in monitoring_queue'
	/home/leonardo/.rvm/gems/ruby-2.2.1/gems/logging-2.0.0/lib/logging/diagnostic_context.rb:448:in `call'
	/home/leonardo/.rvm/gems/ruby-2.2.1/gems/logging-2.0.0/lib/logging/diagnostic_context.rb:448:in `block in create_with_logging_context'
ERROR  my_logger : <NoMethodError> undefined method `interpreter' for nil:NilClass
	synapsis.rb:99:in `cerebellum'
	synapsis.rb:87:in `temporalLobe'
	synapsis.rb:30:in `block (2 levels) in monitoring_queue'
	/home/leonardo/.rvm/gems/ruby-2.2.1/gems/logging-2.0.0/lib/logging/diagnostic_context.rb:448:in `call'
	/home/leonardo/.rvm/gems/ruby-2.2.1/gems/logging-2.0.0/lib/logging/diagnostic_context.rb:448:in `block in create_with_logging_context'
ERROR  my_logger : <NoMethodError> undefined method `interpreter' for nil:NilClass
	synapsis.rb:99:in `cerebellum'
	synapsis.rb:87:in `temporalLobe'
	synapsis.rb:30:in `block (2 levels) in monitoring_queue'
	/home/leonardo/.rvm/gems/ruby-2.2.1/gems/logging-2.0.0/lib/logging/diagnostic_context.rb:448:in `call'
	/home/leonardo/.rvm/gems/ruby-2.2.1/gems/logging-2.0.0/lib/logging/diagnostic_context.rb:448:in `block in create_with_logging_context'
ERROR  my_logger : <NoMethodError> undefined method `interpreter' for nil:NilClass
	synapsis.rb:99:in `cerebellum'
	synapsis.rb:87:in `temporalLobe'
	synapsis.rb:30:in `block (2 levels) in monitoring_queue'
	/home/leonardo/.rvm/gems/ruby-2.2.1/gems/logging-2.0.0/lib/logging/diagnostic_context.rb:448:in `call'
	/home/leonardo/.rvm/gems/ruby-2.2.1/gems/logging-2.0.0/lib/logging/diagnostic_context.rb:448:in `block in create_with_logging_context'
ERROR  my_logger : <NoMethodError> undefined method `interpreter' for nil:NilClass
	synapsis.rb:99:in `cerebellum'
	synapsis.rb:87:in `temporalLobe'
	synapsis.rb:30:in `block (2 levels) in monitoring_queue'
	/home/leonardo/.rvm/gems/ruby-2.2.1/gems/logging-2.0.0/lib/logging/diagnostic_context.rb:448:in `call'
	/home/leonardo/.rvm/gems/ruby-2.2.1/gems/logging-2.0.0/lib/logging/diagnostic_context.rb:448:in `block in create_with_logging_context'
ERROR  my_logger : <NoMethodError> undefined method `interpreter' for nil:NilClass
	synapsis.rb:99:in `cerebellum'
	synapsis.rb:87:in `temporalLobe'
	synapsis.rb:30:in `block (2 levels) in monitoring_queue'
	/home/leonardo/.rvm/gems/ruby-2.2.1/gems/logging-2.0.0/lib/logging/diagnostic_context.rb:448:in `call'
	/home/leonardo/.rvm/gems/ruby-2.2.1/gems/logging-2.0.0/lib/logging/diagnostic_context.rb:448:in `block in create_with_logging_context'
ERROR  my_logger : <NoMethodError> undefined method `interpreter' for nil:NilClass
	synapsis.rb:101:in `cerebellum'
	synapsis.rb:89:in `temporalLobe'
	synapsis.rb:30:in `block (2 levels) in monitoring_queue'
	/home/leonardo/.rvm/gems/ruby-2.2.1/gems/logging-2.0.0/lib/logging/diagnostic_context.rb:448:in `call'
	/home/leonardo/.rvm/gems/ruby-2.2.1/gems/logging-2.0.0/lib/logging/diagnostic_context.rb:448:in `block in create_with_logging_context'
ERROR  my_logger : <NoMethodError> undefined method `interpreter' for nil:NilClass
	synapsis.rb:101:in `cerebellum'
	synapsis.rb:89:in `temporalLobe'
	synapsis.rb:30:in `block (2 levels) in monitoring_queue'
	/home/leonardo/.rvm/gems/ruby-2.2.1/gems/logging-2.0.0/lib/logging/diagnostic_context.rb:448:in `call'
	/home/leonardo/.rvm/gems/ruby-2.2.1/gems/logging-2.0.0/lib/logging/diagnostic_context.rb:448:in `block in create_with_logging_context'
ERROR  my_logger : <NoMethodError> undefined method `interpreter' for nil:NilClass
	synapsis.rb:99:in `cerebellum'
	synapsis.rb:87:in `temporalLobe'
	synapsis.rb:30:in `block (2 levels) in monitoring_queue'
	/home/leonardo/.rvm/gems/ruby-2.2.1/gems/logging-2.0.0/lib/logging/diagnostic_context.rb:448:in `call'
	/home/leonardo/.rvm/gems/ruby-2.2.1/gems/logging-2.0.0/lib/logging/diagnostic_context.rb:448:in `block in create_with_logging_context'
ERROR  my_logger : <NoMethodError> undefined method `interpreter' for nil:NilClass
	synapsis.rb:101:in `cerebellum'
	synapsis.rb:89:in `temporalLobe'
	synapsis.rb:30:in `block (2 levels) in monitoring_queue'
	/home/leonardo/.rvm/gems/ruby-2.2.1/gems/logging-2.0.0/lib/logging/diagnostic_context.rb:448:in `call'
	/home/leonardo/.rvm/gems/ruby-2.2.1/gems/logging-2.0.0/lib/logging/diagnostic_context.rb:448:in `block in create_with_logging_context'
ERROR  my_logger : <NoMethodError> undefined method `interpreter' for nil:NilClass
	synapsis.rb:97:in `cerebellum'
	synapsis.rb:85:in `temporalLobe'
	synapsis.rb:30:in `block (2 levels) in monitoring_queue'
	/home/leonardo/.rvm/gems/ruby-2.2.1/gems/logging-2.0.0/lib/logging/diagnostic_context.rb:448:in `call'
	/home/leonardo/.rvm/gems/ruby-2.2.1/gems/logging-2.0.0/lib/logging/diagnostic_context.rb:448:in `block in create_with_logging_context'
